# JRE version: Java(TM) SE Runtime Environment (8.0_112-b15) (build 1.8.0_112-b15)
# Java VM: Java HotSpot(TM) 64-Bit Server VM (25.112-b15 mixed mode windows-amd64 compressed oops)
Heap:
 PSYoungGen      total 54784K, used 53234K [0x00000007bc400000, 0x00000007c0000000, 0x00000007c0000000)
  eden space 49152K, 97% used [0x00000007bc400000,0x00000007bf2c3e00,0x00000007bf400000)
  from space 5632K, 94% used [0x00000007bfa80000,0x00000007bffb8b50,0x00000007c0000000)
  to   space 6144K, 0% used [0x00000007bf400000,0x00000007bf400000,0x00000007bfa00000)
 ParOldGen       total 173056K, used 92466K [0x0000000700000000, 0x000000070a900000, 0x00000007bc400000)
  object space 173056K, 53% used [0x0000000700000000,0x0000000705a4c8c8,0x000000070a900000)
 Metaspace       used 80927K, capacity 81738K, committed 82304K, reserved 1120256K
  class space    used 11924K, capacity 12081K, committed 12160K, reserved 1048576K
GC Heap History (10 events):
Event: 6491.129 GC heap before
{Heap before GC invocations=338 (full 16):
 PSYoungGen      total 55808K, used 52750K [0x00000007bc400000, 0x00000007c0000000, 0x00000007c0000000)
  eden space 50176K, 100% used [0x00000007bc400000,0x00000007bf500000,0x00000007bf500000)
  from space 5632K, 45% used [0x00000007bf500000,0x00000007bf783b00,0x00000007bfa80000)
  to   space 5632K, 0% used [0x00000007bfa80000,0x00000007bfa80000,0x00000007c0000000)
 ParOldGen       total 173056K, used 92418K [0x0000000700000000, 0x000000070a900000, 0x00000007bc400000)
  object space 173056K, 53% used [0x0000000700000000,0x0000000705a408c8,0x000000070a900000)
 Metaspace       used 80915K, capacity 81738K, committed 82304K, reserved 1120256K
  class space    used 11924K, capacity 12081K, committed 12160K, reserved 1048576K
Event: 6491.133 GC heap after
Heap after GC invocations=338 (full 16):
 PSYoungGen      total 56320K, used 2702K [0x00000007bc400000, 0x00000007c0000000, 0x00000007c0000000)
  eden space 50688K, 0% used [0x00000007bc400000,0x00000007bc400000,0x00000007bf580000)
  from space 5632K, 47% used [0x00000007bfa80000,0x00000007bfd23b00,0x00000007c0000000)
  to   space 5120K, 0% used [0x00000007bf580000,0x00000007bf580000,0x00000007bfa80000)
 ParOldGen       total 173056K, used 92418K [0x0000000700000000, 0x000000070a900000, 0x00000007bc400000)
  object space 173056K, 53% used [0x0000000700000000,0x0000000705a408c8,0x000000070a900000)
 Metaspace       used 80915K, capacity 81738K, committed 82304K, reserved 1120256K
  class space    used 11924K, capacity 12081K, committed 12160K, reserved 1048576K
}
Event: 6499.764 GC heap before
{Heap before GC invocations=339 (full 16):
 PSYoungGen      total 56320K, used 53390K [0x00000007bc400000, 0x00000007c0000000, 0x00000007c0000000)
  eden space 50688K, 100% used [0x00000007bc400000,0x00000007bf580000,0x00000007bf580000)
  from space 5632K, 47% used [0x00000007bfa80000,0x00000007bfd23b00,0x00000007c0000000)
  to   space 5120K, 0% used [0x00000007bf580000,0x00000007bf580000,0x00000007bfa80000)
 ParOldGen       total 173056K, used 92418K [0x0000000700000000, 0x000000070a900000, 0x00000007bc400000)
  object space 173056K, 53% used [0x0000000700000000,0x0000000705a408c8,0x000000070a900000)
 Metaspace       used 80922K, capacity 81738K, committed 82304K, reserved 1120256K
  class space    used 11924K, capacity 12081K, committed 12160K, reserved 1048576K
Event: 6499.768 GC heap after
Heap after GC invocations=339 (full 16):
 PSYoungGen      total 55808K, used 2702K [0x00000007bc400000, 0x00000007c0000000, 0x00000007c0000000)
  eden space 50688K, 0% used [0x00000007bc400000,0x00000007bc400000,0x00000007bf580000)
  from space 5120K, 52% used [0x00000007bf580000,0x00000007bf823b00,0x00000007bfa80000)
  to   space 5120K, 0% used [0x00000007bfb00000,0x00000007bfb00000,0x00000007c0000000)
 ParOldGen       total 173056K, used 92418K [0x0000000700000000, 0x000000070a900000, 0x00000007bc400000)
  object space 173056K, 53% used [0x0000000700000000,0x0000000705a408c8,0x000000070a900000)
 Metaspace       used 80922K, capacity 81738K, committed 82304K, reserved 1120256K
  class space    used 11924K, capacity 12081K, committed 12160K, reserved 1048576K
}
Event: 6512.027 GC heap before
{Heap before GC invocations=340 (full 16):
 PSYoungGen      total 55808K, used 53390K [0x00000007bc400000, 0x00000007c0000000, 0x00000007c0000000)
  eden space 50688K, 100% used [0x00000007bc400000,0x00000007bf580000,0x00000007bf580000)
  from space 5120K, 52% used [0x00000007bf580000,0x00000007bf823b00,0x00000007bfa80000)
  to   space 5120K, 0% used [0x00000007bfb00000,0x00000007bfb00000,0x00000007c0000000)
 ParOldGen       total 173056K, used 92418K [0x0000000700000000, 0x000000070a900000, 0x00000007bc400000)
  object space 173056K, 53% used [0x0000000700000000,0x0000000705a408c8,0x000000070a900000)
 Metaspace       used 80925K, capacity 81738K, committed 82304K, reserved 1120256K
  class space    used 11924K, capacity 12081K, committed 12160K, reserved 1048576K
Event: 6512.031 GC heap after
Heap after GC invocations=340 (full 16):
 PSYoungGen      total 56320K, used 2638K [0x00000007bc400000, 0x00000007c0000000, 0x00000007c0000000)
  eden space 51200K, 0% used [0x00000007bc400000,0x00000007bc400000,0x00000007bf600000)
  from space 5120K, 51% used [0x00000007bfb00000,0x00000007bfd93b00,0x00000007c0000000)
  to   space 5120K, 0% used [0x00000007bf600000,0x00000007bf600000,0x00000007bfb00000)
 ParOldGen       total 173056K, used 92418K [0x0000000700000000, 0x000000070a900000, 0x00000007bc400000)
  object space 173056K, 53% used [0x0000000700000000,0x0000000705a408c8,0x000000070a900000)
 Metaspace       used 80925K, capacity 81738K, committed 82304K, reserved 1120256K
  class space    used 11924K, capacity 12081K, committed 12160K, reserved 1048576K
}
Event: 6512.396 GC heap before
{Heap before GC invocations=341 (full 16):
 PSYoungGen      total 56320K, used 53838K [0x00000007bc400000, 0x00000007c0000000, 0x00000007c0000000)
  eden space 51200K, 100% used [0x00000007bc400000,0x00000007bf600000,0x00000007bf600000)
  from space 5120K, 51% used [0x00000007bfb00000,0x00000007bfd93b00,0x00000007c0000000)
  to   space 5120K, 0% used [0x00000007bf600000,0x00000007bf600000,0x00000007bfb00000)
 ParOldGen       total 173056K, used 92418K [0x0000000700000000, 0x000000070a900000, 0x00000007bc400000)
  object space 173056K, 53% used [0x0000000700000000,0x0000000705a408c8,0x000000070a900000)
 Metaspace       used 80925K, capacity 81738K, committed 82304K, reserved 1120256K
  class space    used 11924K, capacity 12081K, committed 12160K, reserved 1048576K
Event: 6512.402 GC heap after
Heap after GC invocations=341 (full 16):
 PSYoungGen      total 55296K, used 3896K [0x00000007bc400000, 0x00000007c0000000, 0x00000007c0000000)
  eden space 51200K, 0% used [0x00000007bc400000,0x00000007bc400000,0x00000007bf600000)
  from space 4096K, 95% used [0x00000007bf600000,0x00000007bf9ce328,0x00000007bfa00000)
  to   space 5632K, 0% used [0x00000007bfa80000,0x00000007bfa80000,0x00000007c0000000)
 ParOldGen       total 173056K, used 92434K [0x0000000700000000, 0x000000070a900000, 0x00000007bc400000)
  object space 173056K, 53% used [0x0000000700000000,0x0000000705a448c8,0x000000070a900000)
 Metaspace       used 80925K, capacity 81738K, committed 82304K, reserved 1120256K
  class space    used 11924K, capacity 12081K, committed 12160K, reserved 1048576K
}
Event: 6512.752 GC heap before
{Heap before GC invocations=342 (full 16):
 PSYoungGen      total 55296K, used 55096K [0x00000007bc400000, 0x00000007c0000000, 0x00000007c0000000)
  eden space 51200K, 100% used [0x00000007bc400000,0x00000007bf600000,0x00000007bf600000)
  from space 4096K, 95% used [0x00000007bf600000,0x00000007bf9ce328,0x00000007bfa00000)
  to   space 5632K, 0% used [0x00000007bfa80000,0x00000007bfa80000,0x00000007c0000000)
 ParOldGen       total 173056K, used 92434K [0x0000000700000000, 0x000000070a900000, 0x00000007bc400000)
  object space 173056K, 53% used [0x0000000700000000,0x0000000705a448c8,0x000000070a900000)
 Metaspace       used 80927K, capacity 81738K, committed 82304K, reserved 1120256K
  class space    used 11924K, capacity 12081K, committed 12160K, reserved 1048576K
Event: 6512.755 GC heap after
Heap after GC invocations=342 (full 16):
 PSYoungGen      total 54784K, used 5346K [0x00000007bc400000, 0x00000007c0000000, 0x00000007c0000000)
  eden space 49152K, 0% used [0x00000007bc400000,0x00000007bc400000,0x00000007bf400000)
  from space 5632K, 94% used [0x00000007bfa80000,0x00000007bffb8b50,0x00000007c0000000)
  to   space 6144K, 0% used [0x00000007bf400000,0x00000007bf400000,0x00000007bfa00000)
 ParOldGen       total 173056K, used 92466K [0x0000000700000000, 0x000000070a900000, 0x00000007bc400000)
  object space 173056K, 53% used [0x0000000700000000,0x0000000705a4c8c8,0x000000070a900000)
 Metaspace       used 80927K, capacity 81738K, committed 82304K, reserved 1120256K
  class space    used 11924K, capacity 12081K, committed 12160K, reserved 1048576K
}

